<?xml version="1.0" encoding="UTF-8"?>
<!-- Generated by org.testng.reporters.JUnitXMLReporter -->
<testsuite ignored="0" hostname="sahitis-MacBook-Pro.local" failures="0" tests="2" name="Command line test" time="2.527" errors="0" timestamp="2025-02-24T12:23:51 GMT">
  <testcase classname="com.example.tests.ValuationTest" name="@BeforeClass setUp" time="2.491">
    <failure type="java.lang.AssertionError" message="Error in @BeforeClass setup: Could not start a new session. Response code 500. Message: session not created: This version of ChromeDriver only supports Chrome version 114
Current browser version is 133.0.6943.127 with binary path /Applications/Google Chrome.app/Contents/MacOS/Google Chrome 
Host info: host: &amp;apos;sahitis-MacBook-Pro.local&amp;apos;, ip: &amp;apos;fe80:0:0:0:1c15:c53f:e203:28cd%en0&amp;apos;
Build info: version: &amp;apos;4.9.0&amp;apos;, revision: &amp;apos;d7057100a6&amp;apos;
System info: os.name: &amp;apos;Mac OS X&amp;apos;, os.arch: &amp;apos;x86_64&amp;apos;, os.version: &amp;apos;15.3.1&amp;apos;, java.version: &amp;apos;23.0.2&amp;apos;
Driver info: org.openqa.selenium.chrome.ChromeDriver
Command: [null, newSession {capabilities=[Capabilities {browserName: chrome, goog:chromeOptions: {args: [--remote-allow-origins=*], extensions: []}}]}]">
      <![CDATA[java.lang.AssertionError: Error in @BeforeClass setup: Could not start a new session. Response code 500. Message: session not created: This version of ChromeDriver only supports Chrome version 114
Current browser version is 133.0.6943.127 with binary path /Applications/Google Chrome.app/Contents/MacOS/Google Chrome 
Host info: host: 'sahitis-MacBook-Pro.local', ip: 'fe80:0:0:0:1c15:c53f:e203:28cd%en0'
Build info: version: '4.9.0', revision: 'd7057100a6'
System info: os.name: 'Mac OS X', os.arch: 'x86_64', os.version: '15.3.1', java.version: '23.0.2'
Driver info: org.openqa.selenium.chrome.ChromeDriver
Command: [null, newSession {capabilities=[Capabilities {browserName: chrome, goog:chromeOptions: {args: [--remote-allow-origins=*], extensions: []}}]}]
at com.example.tests.ValuationTest.setUp(ValuationTest.java:32)
at java.base/java.util.ArrayList.forEach(ArrayList.java:1597)
at com.example.tests.TestRunner.main(TestRunner.java:24)
... Removed 21 stack frames]]>
    </failure>
  </testcase> <!-- @BeforeClass setUp -->
  <testcase classname="com.example.tests.ValuationTest" name="@AfterClass tearDown" time="0.0">
    <skipped/>
  </testcase> <!-- @AfterClass tearDown -->
  <testcase classname="com.example.tests.ValuationTest" name="testCarValuations" time="0.0">
    <skipped/>
  </testcase> <!-- testCarValuations -->
  <testcase classname="com.example.tests.ValuationTest" name="testFileAccessibility" time="0.0">
    <skipped/>
  </testcase> <!-- testFileAccessibility -->
</testsuite> <!-- Command line test -->
